2025-04-10 12:08:48 [INFO] Server running on port 4000 
2025-04-10 12:08:48 [INFO] DB conectada: {
  "now": "2025-04-10T16:08:48.458Z"
}
2025-04-10 12:08:57 [INFO] Usuario registrado correctamente: martin2@example.com 
2025-04-10 12:09:07 [WARN] No se encontró usuario para email: martin6@example.com 
2025-04-10 12:09:13 [WARN] Contraseña incorrecta para email: martin@example.com 
2025-04-10 12:09:18 [INFO] Inicio de sesión exitoso para email: martin2@example.com 
2025-04-14 12:12:23 [INFO] Conexión a PostgreSQL establecida 
2025-04-14 12:12:23 [INFO] Servidor corriendo en el puerto 4000 
2025-04-14 12:13:01 [INFO] Generada URL para subir video: example_video.mp4 
2025-04-14 12:25:58 [INFO] Conexión a PostgreSQL establecida 
2025-04-14 12:25:58 [INFO] Servidor corriendo en el puerto 4000 
2025-04-14 12:26:01 [INFO] Conexión a PostgreSQL establecida 
2025-04-14 12:26:01 [INFO] Servidor corriendo en el puerto 4000 
2025-04-14 12:26:06 [INFO] Conexión a PostgreSQL establecida 
2025-04-14 12:26:06 [INFO] Servidor corriendo en el puerto 4000 
2025-04-14 12:26:20 [INFO] Conexión a PostgreSQL establecida 
2025-04-14 12:26:20 [INFO] Servidor corriendo en el puerto 4000 
2025-04-14 12:27:04 [INFO] Conexión a PostgreSQL establecida 
2025-04-14 12:27:04 [INFO] Servidor corriendo en el puerto 4000 
2025-04-14 12:27:05 [INFO] Conexión a PostgreSQL establecida 
2025-04-14 12:27:05 [INFO] Servidor corriendo en el puerto 4000 
2025-04-14 12:27:06 [INFO] Conexión a PostgreSQL establecida 
2025-04-14 12:27:06 [INFO] Servidor corriendo en el puerto 4000 
2025-04-14 12:27:08 [INFO] Conexión a PostgreSQL establecida 
2025-04-14 12:27:08 [INFO] Servidor corriendo en el puerto 4000 
2025-04-14 12:27:18 [INFO] Conexión a PostgreSQL establecida 
2025-04-14 12:27:18 [INFO] Servidor corriendo en el puerto 4000 
2025-04-14 12:27:21 [INFO] Conexión a PostgreSQL establecida 
2025-04-14 12:27:21 [INFO] Servidor corriendo en el puerto 4000 
2025-04-14 12:27:24 [INFO] Conexión a PostgreSQL establecida 
2025-04-14 12:27:24 [INFO] Servidor corriendo en el puerto 4000 
2025-04-14 12:27:27 [INFO] Conexión a PostgreSQL establecida 
2025-04-14 12:27:27 [INFO] Servidor corriendo en el puerto 4000 
2025-04-14 12:27:34 [INFO] Conexión a PostgreSQL establecida 
2025-04-14 12:27:34 [INFO] Servidor corriendo en el puerto 4000 
2025-04-15 16:39:09 [INFO] Conexión a PostgreSQL establecida 
2025-04-15 16:39:09 [INFO] Servidor corriendo en el puerto 4000 
2025-04-15 16:39:09 [INFO] Generada URL para subir video: example_video.mp4 
2025-04-15 16:50:03 [INFO] Conexión a PostgreSQL establecida 
2025-04-15 16:50:03 [INFO] Servidor corriendo en el puerto 4000 
2025-04-15 16:59:53 [INFO] Conexión a PostgreSQL establecida 
2025-04-15 16:59:53 [INFO] Servidor corriendo en el puerto 4000 
2025-04-15 16:59:56 [INFO] Conexión a PostgreSQL establecida 
2025-04-15 16:59:56 [INFO] Servidor corriendo en el puerto 4000 
2025-04-15 17:00:07 [INFO] Conexión a PostgreSQL establecida 
2025-04-15 17:00:07 [INFO] Servidor corriendo en el puerto 4000 
2025-04-15 17:00:21 [INFO] Conexión a PostgreSQL establecida 
2025-04-15 17:00:21 [INFO] Servidor corriendo en el puerto 4000 
2025-04-15 17:02:11 [INFO] Generada URL para subir video: example_video.mp4 
2025-04-15 17:11:56 [INFO] Conexión a PostgreSQL establecida 
2025-04-15 17:11:56 [INFO] Servidor corriendo en el puerto 4000 
2025-04-15 17:12:05 [INFO] Conexión a PostgreSQL establecida 
2025-04-15 17:12:05 [INFO] Servidor corriendo en el puerto 4000 
2025-04-15 17:12:07 [INFO] Conexión a PostgreSQL establecida 
2025-04-15 17:12:07 [INFO] Servidor corriendo en el puerto 4000 
2025-04-15 17:14:42 [INFO] Conexión a PostgreSQL establecida 
2025-04-15 17:14:42 [INFO] Servidor corriendo en el puerto 4000 
2025-04-15 17:14:46 [INFO] Conexión a PostgreSQL establecida 
2025-04-15 17:14:46 [INFO] Servidor corriendo en el puerto 4000 
2025-04-15 17:14:59 [INFO] Conexión a PostgreSQL establecida 
2025-04-15 17:14:59 [INFO] Servidor corriendo en el puerto 4000 
2025-04-15 17:15:13 [INFO] Generada URL para subir video: videooooooo.mp4 
2025-04-15 17:18:18 [INFO] Conexión a PostgreSQL establecida 
2025-04-15 17:18:18 [INFO] Servidor corriendo en el puerto 4000 
2025-04-15 17:18:29 [INFO] Conexión a PostgreSQL establecida 
2025-04-15 17:18:29 [INFO] Servidor corriendo en el puerto 4000 
2025-04-15 17:18:32 [INFO] Generada URL para subir video: ejemplo.mp4 
2025-04-15 17:20:17 [INFO] Generada URL para subir video: probandooo.mp4 
2025-04-15 17:26:08 [INFO] Generada URL para subir video: probandooo.jpeg 
2025-04-15 17:32:00 [INFO] Generada URL para subir video: wenardo.pdf 
2025-04-15 17:33:53 [INFO] Conexión a PostgreSQL establecida 
2025-04-15 17:33:53 [INFO] Servidor corriendo en el puerto 4000 
2025-04-15 17:34:09 [INFO] Conexión a PostgreSQL establecida 
2025-04-15 17:34:09 [INFO] Servidor corriendo en el puerto 4000 
2025-04-15 17:34:20 [INFO] Conexión a PostgreSQL establecida 
2025-04-15 17:34:20 [INFO] Servidor corriendo en el puerto 4000 
2025-04-15 17:34:24 [INFO] Conexión a PostgreSQL establecida 
2025-04-15 17:34:24 [INFO] Servidor corriendo en el puerto 4000 
2025-04-17 15:45:13 [INFO] Conexión a PostgreSQL establecida 
2025-04-17 15:45:13 [INFO] Servidor corriendo en el puerto 4000 
2025-04-17 16:09:54 [INFO] Generada URL para subir video: example_video.mov 
2025-04-17 16:11:53 [INFO] Generada URL para subir video: example_video.mov 
2025-04-17 16:13:22 [INFO] Generada URL para subir video: example_video.mov 
2025-04-18 10:42:18 [INFO] Conexión a PostgreSQL establecida 
2025-04-18 10:42:18 [INFO] Servidor corriendo en el puerto 4000 
2025-04-18 10:42:41 [INFO] Generada URL para subir video: example_video.mov 
2025-04-18 10:58:09 [INFO] Generada URL para subir video: example_video.mov 
2025-04-18 10:59:13 [INFO] Generada URL para subir video: example_video.mov 
2025-04-18 10:59:48 [INFO] Generada URL para subir video: example_video.mov 
2025-04-18 11:00:44 [INFO] Generada URL para subir video: example_video.mov 
2025-04-18 11:01:18 [INFO] Generada URL para subir video: example_video.mov 
2025-04-18 11:12:03 [INFO] Generada URL para subir video: example_video.mov 
2025-04-18 11:12:41 [INFO] Generada URL para subir video: example_video.mov 
2025-04-18 11:21:25 [INFO] Generada URL para subir video: example_video.mov 
